<?xml version="1.0" encoding="UTF-8"?>
<robot generator="Robot 5.0.1 (Python 3.7.5 on win32)" generated="20220623 10:50:44.050" rpa="false" schemaversion="3">
<suite id="s1" name="Robot Interactive Console" source="c:\Users\sili7485\.vscode\extensions\robocorp.robotframework-lsp-0.48.2\src\robotframework_ls\vendored\robotframework_interactive\robot_interactive_console.robot">
<test id="s1-t1" name="Default Task/Test" line="5">
<kw name="Interpreter Main Loop" library="MainLoop">
<kw name="Open Available Browser" library="RPA.Browser.Selenium">
<doc>Attempts to open a browser on the user's device from a set of
supported browsers. Automatically downloads a corresponding webdriver
if none is already installed.</doc>
<kw name="Capture Page Screenshot" library="RPA.Browser.Selenium">
<doc>Takes a screenshot of the current page and embeds it into a log file.</doc>
<status status="PASS" starttime="20220623 10:55:06.380" endtime="20220623 10:55:06.380"/>
</kw>
<msg timestamp="20220623 10:55:06.380" level="INFO">C:\Users\sili7485\AppData\Local\robocorp\holotree\b1f3c244e_1c0bc041\lib\site-packages\bs4\builder\__init__.py:546: XMLParsedAsHTMLWarning: It looks like you're parsing an XML document using an HTML parser. If this really is an HTML document (maybe it's XHTML?), you can ignore or filter this warning. If it's XML, you should know that using an XML parser will be more reliable. To parse this document as XML, make sure you have the lxml package installed, and pass the keyword argument `features="xml"` into the BeautifulSoup constructor.
  XMLParsedAsHTMLWarning.MESSAGE, XMLParsedAsHTMLWarning</msg>
<msg timestamp="20220623 10:55:06.381" level="FAIL">BrowserNotFoundError: Failed to start a browser:
- Chrome: Message: unknown error: cannot find Chrome binary

- Firefox: Message: Expected browser binary location, but unable to find binary in default location, no 'moz:firefoxOptions.binary' capability provided, and no binary flag set on the command line

- Edge: expected str, bytes or os.PathLike object, not NoneType
- Ie: 'NoneType' object has no attribute 'group'
- Opera: Message: unknown error: cannot find Opera binary
  (Driver info: operadriver=102.0.5005.61 (0e59bcc00cc4985ce39ad31c150065f159d95ad3-refs/branch-heads/5005@{#819}),platform=Windows NT 10.0.19044 x86_64)

</msg>
<status status="FAIL" starttime="20220623 10:54:40.173" endtime="20220623 10:55:06.382"/>
</kw>
<kw name="Open Browser" library="RPA.Browser.Selenium">
<doc>Opens a new browser instance to the optional ``url``.</doc>
<kw name="Capture Page Screenshot" library="RPA.Browser.Selenium">
<doc>Takes a screenshot of the current page and embeds it into a log file.</doc>
<status status="PASS" starttime="20220623 10:57:18.121" endtime="20220623 10:57:18.122"/>
</kw>
<msg timestamp="20220623 10:57:18.122" level="FAIL">TypeError: can only concatenate str (not "bytes") to str</msg>
<status status="FAIL" starttime="20220623 10:57:18.121" endtime="20220623 10:57:18.123"/>
</kw>
<kw name="Open Available Browser" library="RPA.Browser.Selenium">
<doc>Attempts to open a browser on the user's device from a set of
supported browsers. Automatically downloads a corresponding webdriver
if none is already installed.</doc>
<kw name="Capture Page Screenshot" library="RPA.Browser.Selenium">
<doc>Takes a screenshot of the current page and embeds it into a log file.</doc>
<status status="PASS" starttime="20220623 10:58:01.574" endtime="20220623 10:58:01.574"/>
</kw>
<msg timestamp="20220623 10:58:01.575" level="FAIL">BrowserNotFoundError: Failed to start a browser:
- Chrome: Message: unknown error: cannot find Chrome binary

- Firefox: [Errno 13] Permission denied: 'C:\\Users\\sili7485\\AppData\\Local\\robocorp\\webdrivers\\gecko\\v0.31.0\\geckodriver-v0.31.0-win64\\geckodriver.exe'
- Edge: expected str, bytes or os.PathLike object, not NoneType
- Ie: 'NoneType' object has no attribute 'group'
- Opera: Message: unknown error: cannot find Opera binary
  (Driver info: operadriver=102.0.5005.61 (0e59bcc00cc4985ce39ad31c150065f159d95ad3-refs/branch-heads/5005@{#819}),platform=Windows NT 10.0.19044 x86_64)

</msg>
<status status="FAIL" starttime="20220623 10:57:41.167" endtime="20220623 10:58:01.576"/>
</kw>
<kw name="Open Available Browser" library="RPA.Browser.Selenium">
<doc>Attempts to open a browser on the user's device from a set of
supported browsers. Automatically downloads a corresponding webdriver
if none is already installed.</doc>
<status status="PASS" starttime="20220623 11:10:37.017" endtime="20220623 11:10:38.358"/>
</kw>
<kw name="Open Available Browser" library="RPA.Browser.Selenium">
<arg>https://robotsparebinindustries.com/</arg>
<doc>Attempts to open a browser on the user's device from a set of
supported browsers. Automatically downloads a corresponding webdriver
if none is already installed.</doc>
<status status="PASS" starttime="20220623 11:18:40.729" endtime="20220623 11:18:43.623"/>
</kw>
<status status="PASS" starttime="20220623 10:50:44.075" endtime="20220623 16:05:40.031"/>
</kw>
<status status="PASS" starttime="20220623 10:50:44.075" endtime="20220623 16:05:40.032"/>
</test>
<status status="PASS" starttime="20220623 10:50:44.050" endtime="20220623 16:05:40.034"/>
</suite>
<statistics>
<total>
<stat pass="1" fail="0" skip="0">All Tests</stat>
</total>
<tag>
</tag>
<suite>
<stat pass="1" fail="0" skip="0" id="s1" name="Robot Interactive Console">Robot Interactive Console</stat>
</suite>
</statistics>
<errors>
</errors>
</robot>
